{
  "RSpec": {
    "coverage": {
      "/Users/steady/projects/trekkr/app/controllers/application_controller.rb": [
        1,
        1,
        null
      ],
      "/Users/steady/projects/trekkr/app/helpers/application_helper.rb": [
        1,
        null
      ],
      "/Users/steady/projects/trekkr/app/helpers/photos_helper.rb": [
        1,
        null
      ],
      "/Users/steady/projects/trekkr/app/controllers/photos_controller.rb": [
        1,
        null,
        1,
        3,
        3,
        null,
        null,
        1,
        2,
        null,
        null,
        1,
        0,
        0,
        null,
        null
      ],
      "/Users/steady/projects/trekkr/app/models/photo.rb": [
        1,
        1,
        1,
        null,
        1,
        1,
        null,
        null
      ]
    },
    "timestamp": 1369924007
  }
}
